<?xml version="1.0" encoding="UTF-8"?>
<!-- Generated by org.testng.reporters.JUnitReportReporter -->
<testsuite hostname="Hope" failures="0" tests="2" name="day26.feb09.PracticeParaBrowser" time="17.062" errors="0" timestamp="2023-06-22T14:54:22 IST" skipped="0">
  <testcase classname="day26.feb09.PracticeParaBrowser" name="testBrowser" time="10.479"/>
  <system-out>
    <![CDATA[Facebook – log in or sign up]]>
  </system-out>
  <testcase classname="day26.feb09.PracticeParaBrowser" name="testBrowser" time="6.583"/>
  <system-out>
    <![CDATA[Google]]>
  </system-out>
</testsuite> <!-- day26.feb09.PracticeParaBrowser -->
