<?xml version="1.0" encoding="UTF-8"?>
<testng-results ignored="0" total="2" passed="2" failed="0" skipped="0">
  <reporter-output>
    <line>
      <![CDATA[Google]]>
    </line>
    <line>
      <![CDATA[Facebook – log in or sign up]]>
    </line>
  </reporter-output>
  <suite started-at="2023-06-22T14:54:12 IST" name="Suite" finished-at="2023-06-22T14:54:22 IST" duration-ms="10525">
    <groups>
    </groups>
    <test started-at="2023-06-22T14:54:12 IST" name="CTest" finished-at="2023-06-22T14:54:18 IST" duration-ms="6636">
      <class name="day26.feb09.PracticeParaBrowser">
        <test-method signature="testBrowser(java.lang.String)[pri:0, instance:day26.feb09.PracticeParaBrowser@6193932a]" started-at="2023-06-22T14:54:12 IST" name="testBrowser" finished-at="2023-06-22T14:54:18 IST" duration-ms="6583" status="PASS">
          <params>
            <param index="0">
              <value>
                <![CDATA[chrome]]>
              </value>
            </param>
          </params>
          <reporter-output>
            <line>
              <![CDATA[Google]]>
            </line>
          </reporter-output>
        </test-method> <!-- testBrowser -->
      </class> <!-- day26.feb09.PracticeParaBrowser -->
    </test> <!-- CTest -->
    <test started-at="2023-06-22T14:54:12 IST" name="FTest" finished-at="2023-06-22T14:54:22 IST" duration-ms="10525">
      <class name="day26.feb09.PracticeParaBrowser">
        <test-method signature="testBrowser(java.lang.String)[pri:0, instance:day26.feb09.PracticeParaBrowser@3e2e18f2]" started-at="2023-06-22T14:54:12 IST" name="testBrowser" finished-at="2023-06-22T14:54:22 IST" duration-ms="10479" status="PASS">
          <params>
            <param index="0">
              <value>
                <![CDATA[firefox]]>
              </value>
            </param>
          </params>
          <reporter-output>
            <line>
              <![CDATA[Facebook – log in or sign up]]>
            </line>
          </reporter-output>
        </test-method> <!-- testBrowser -->
      </class> <!-- day26.feb09.PracticeParaBrowser -->
    </test> <!-- FTest -->
  </suite> <!-- Suite -->
</testng-results>
