<?xml version="1.0" encoding="UTF-8"?>
<!-- Generated by org.testng.reporters.JUnitXMLReporter -->
<testsuite ignored="0" hostname="Hope" failures="1" tests="2" name="Default test(failed)" time="0.155" errors="0" timestamp="2023-02-28T17:29:54 IST">
  <testcase classname="day26.feb09.PracticeDependsOn" name="createUser" time="0.027">
    <failure type="java.lang.AssertionError" message="null">
      <![CDATA[java.lang.AssertionError: null
at day26.feb09.PracticeDependsOn.createUser(PracticeDependsOn.java:12)
at java.base/java.util.ArrayList.forEach(ArrayList.java:1511)
... Removed 27 stack frames]]>
    </failure>
  </testcase> <!-- createUser -->
  <testcase classname="day26.feb09.PracticeDependsOn" name="deleteUser" time="0.0">
    <skipped/>
  </testcase> <!-- deleteUser -->
</testsuite> <!-- Default test(failed) -->
